app/build/outputs/mapping/release/seeds.txt
com.example.matrixhomeassignment.BaseFragment
com.example.matrixhomeassignment.ui.MainFragment
com.example.matrixhomeassignment.network.ApiService
com.example.matrixhomeassignment.local_db.AppDatabase_Impl
com.example.matrixhomeassignment.local_db.AppDatabase
com.example.matrixhomeassignment.MainActivity
com.example.matrixhomeassignment.ui.ItemFragment
com.example.matrixhomeassignment.local_db.AppDatabase_Impl: AppDatabase_Impl()
com.example.matrixhomeassignment.ui.MainFragment: MainFragment()
com.example.matrixhomeassignment.ui.ItemFragment: ItemFragment()
com.example.matrixhomeassignment.local_db.AppDatabase: AppDatabase()
com.example.matrixhomeassignment.MainActivity: MainActivity()
com.example.matrixhomeassignment.BaseFragment: BaseFragment()
com.example.matrixhomeassignment.network.ApiService: retrofit2.Call getData()
...
androidx.appcompat.widget.ActionBarContextView: void setVisibility(int)
com.google.android.material.internal.NavigationMenuItemView: void setIconTintList(android.content.res.ColorStateList)
androidx.core.view.WindowInsetsCompat$BuilderImpl: void setSystemGestureInsets(androidx.core.graphics.Insets)
com.google.android.material.chip.Chip: void setMinLines(int)
androidx.recyclerview.widget.RecyclerView$LayoutManager: RecyclerView$LayoutManager()
androidx.appcompat.view.menu.ListMenuItemView: ListMenuItemView(android.content.Context,android.util.AttributeSet)
com.google.android.material.circularreveal.cardview.CircularRevealCardView: void setCircularRevealOverlayDrawable(android.graphics.drawable.Drawable)
com.google.android.material.chip.Chip: void setChipIconEnabled(boolean)
androidx.activity.ComponentActivity: ComponentActivity()
androidx.core.view.WindowInsetsCompat$BuilderImpl: void setMandatorySystemGestureInsets(androidx.core.graphics.Insets)
androidx.appcompat.widget.ActionBarContextView: int getAnimatedVisibility()
androidx.vectordrawable.graphics.drawable.VectorDrawableCompat$VGroup: void setScaleX(float)
androidx.appcompat.widget.AppCompatTextView: void setBackgroundDrawable(android.graphics.drawable.Drawable)
androidx.constraintlayout.widget.ConstraintLayout: int getMaxWidth()
androidx.core.view.WindowInsetsCompat$Impl20: void copyRootViewBounds(android.view.View)
com.google.android.material.chip.Chip: float getChipEndPadding()
com.google.android.material.button.MaterialButton: int getIconGravity()
androidx.room.Index$Order: androidx.room.Index$Order[] values()
android.support.v4.app.RemoteActionCompatParcelizer: RemoteActionCompatParcelizer()
androidx.appcompat.widget.ActionMenuView: android.view.Menu getMenu()
androidx.core.view.ViewCompat$Api21Impl: android.graphics.PorterDuff$Mode getBackgroundTintMode(android.view.View)
androidx.core.widget.PopupWindowCompat$Api23Impl: boolean getOverlapAnchor(android.widget.PopupWindow)
androidx.appcompat.widget.Toolbar: int getTitleMarginEnd()
androidx.appcompat.widget.LinearLayoutCompat: LinearLayoutCompat(android.content.Context)
com.google.android.material.floatingactionbutton.FloatingActionButton: android.content.res.ColorStateList getRippleColorStateList()
androidx.appcompat.widget.AppCompatSpinner: java.lang.CharSequence getPrompt()
androidx.constraintlayout.solver.widgets.ConstraintAnchor$Type: androidx.constraintlayout.solver.widgets.ConstraintAnchor$Type valueOf(java.lang.String)
androidx.appcompat.widget.AppCompatButton: int[] getAutoSizeTextAvailableSizes()
androidx.room.RoomDatabase: RoomDatabase()
com.google.android.material.textfield.TextInputLayout: void setEndIconOnClickListener(android.view.View$OnClickListener)
androidx.coordinatorlayout.widget.CoordinatorLayout$Behavior: CoordinatorLayout$Behavior()
com.google.android.material.chip.Chip: android.graphics.drawable.Drawable getCheckedIcon()
com.google.android.material.card.MaterialCardView: android.content.res.ColorStateList getCheckedIconTint()
androidx.vectordrawable.graphics.drawable.VectorDrawableCompat$VFullPath: void setStrokeAlpha(float)
androidx.core.view.WindowInsetsCompat$Impl28: WindowInsetsCompat$Impl28(androidx.core.view.WindowInsetsCompat,android.view.WindowInsets)
com.google.android.material.internal.CheckableImageButton: void setChecked(boolean)
com.google.android.material.textfield.MaterialAutoCompleteTextView: void setAdapter(android.widget.ListAdapter)
androidx.appcompat.widget.AppCompatSpinner: void setBackgroundResource(int)
androidx.constraintlayout.solver.widgets.analyzer.DependencyNode$Type: androidx.constraintlayout.solver.widgets.analyzer.DependencyNode$Type[] values()
com.google.android.material.button.MaterialButton: int getStrokeWidth()
androidx.appcompat.widget.ActionBarContextView: void setCustomView(android.view.View)
androidx.appcompat.widget.Toolbar: int getCurrentContentInsetEnd()
com.google.android.material.snackbar.SnackbarContentLayout: android.widget.Button getActionView()