app/build/outputs/mapping/release/mapping.txt
# compiler: R8
# compiler_version: 3.1.51
# min_api: 26
# pg_map_id: b023158
# common_typos_disable
# {"id":"com.android.tools.r8.mapping","version":"1.0"}
com.example.matrixhomeassignment.BaseFragment -> k1.a:
    10:11:void <init>() -> <init>
    14:18:void onActivityCreated(android.os.Bundle) -> g0
    24:24:com.example.matrixhomeassignment.MainActivity getMainActivity() -> v1
    void initClicks() -> w1
    void initViews() -> x1
    void onFragmentReady() -> y1
com.example.matrixhomeassignment.MainActivity -> com.example.matrixhomeassignment.MainActivity:
    com.example.matrixhomeassignment.databinding.ActivityMainBinding _binding -> t
    com.example.matrixhomeassignment.repository.DataRepository _dataRepository -> u
    com.example.matrixhomeassignment.repository.SettingsRepository _settingsRepository -> v
    androidx.navigation.NavController _navigationController -> x
    java.lang.String TAG -> s
    com.example.matrixhomeassignment.view_model.AppViewModel _appViewModel -> w
    19:20:void <init>() -> <init>
    56:61:void addFragment(int) -> O
    46:46:com.example.matrixhomeassignment.view_model.AppViewModel getViewModel() -> P
    65:73:void handleData() -> Q
    37:42:void initAppSettings() -> R
    51:52:void initNavController() -> S
    77:77:void onBackPressed() -> onBackPressed
    28:34:void onCreate(android.os.Bundle) -> onCreate
com.example.matrixhomeassignment.adapter.DataRecyclerAdapter -> l1.b:
    com.example.matrixhomeassignment.adapter.DataRecyclerAdapter$OnItemClicked onItemClicked -> d
    java.util.List values -> c
    android.content.Context _context -> e
    20:24:void <init>(java.util.List,com.example.matrixhomeassignment.adapter.DataRecyclerAdapter$OnItemClicked) -> <init>
    44:44:int getItemCount() -> c
    20:20:void onBindViewHolder(androidx.recyclerview.widget.RecyclerView$ViewHolder,int) -> j
    20:20:androidx.recyclerview.widget.RecyclerView$ViewHolder onCreateViewHolder(android.view.ViewGroup,int) -> l
    void $r8$lambda$VaxiZo5GEwahd7ySE1oY78GBIC4(com.example.matrixhomeassignment.adapter.DataRecyclerAdapter,com.example.matrixhomeassignment.local_db.FruitEntity,android.view.View) -> u
      # {"id":"com.android.tools.r8.synthesized"}
    35:57:void onBindViewHolder(com.example.matrixhomeassignment.adapter.DataRecyclerAdapter$ViewHolder,int) -> v
    37:38:void onBindViewHolder$lambda-0(com.example.matrixhomeassignment.adapter.DataRecyclerAdapter,com.example.matrixhomeassignment.local_db.FruitEntity,android.view.View) -> w
    28:31:com.example.matrixhomeassignment.adapter.DataRecyclerAdapter$ViewHolder onCreateViewHolder(android.view.ViewGroup,int) -> x
com.example.matrixhomeassignment.adapter.DataRecyclerAdapter$OnItemClicked -> l1.b$a:
    void onFruitClicked(com.example.matrixhomeassignment.local_db.FruitEntity) -> d
com.example.matrixhomeassignment.adapter.DataRecyclerAdapter$ViewHolder -> l1.b$b:
    androidx.constraintlayout.widget.ConstraintLayout itemSingleCellContainer -> v
    android.widget.TextView fruitName -> t
    android.widget.ImageView fruitImage -> u
    47:50:void <init>(com.example.matrixhomeassignment.databinding.FruitSingleCellBinding) -> <init>
    49:49:android.widget.ImageView getFruitImage() -> M
    48:48:android.widget.TextView getFruitName() -> N
    50:50:androidx.constraintlayout.widget.ConstraintLayout getItemSingleCellContainer() -> O
com.example.matrixhomeassignment.databinding.ActivityMainBinding -> m1.a:
    androidx.constraintlayout.widget.ConstraintLayout rootView -> a
    19:21:void <init>(androidx.constraintlayout.widget.ConstraintLayout) -> <init>
    46:50:com.example.matrixhomeassignment.databinding.ActivityMainBinding bind(android.view.View) -> a
    26:26:androidx.constraintlayout.widget.ConstraintLayout getRoot() -> b
    31:31:com.example.matrixhomeassignment.databinding.ActivityMainBinding inflate(android.view.LayoutInflater) -> c
    37:41:com.example.matrixhomeassignment.databinding.ActivityMainBinding inflate(android.view.LayoutInflater,android.view.ViewGroup,boolean) -> d
...
okhttp3.internal.platform.android.AndroidCertificateChainCleaner$Companion -> s4.b$a:
    56:56:void <init>() -> <init>
    56:56:void <init>(kotlin.jvm.internal.DefaultConstructorMarker) -> <init>
    59:68:okhttp3.internal.platform.android.AndroidCertificateChainCleaner buildIfSupported(javax.net.ssl.X509TrustManager) -> a
okhttp3.internal.platform.android.AndroidLog -> s4.c:
    java.util.Map knownLoggers -> b
    okhttp3.internal.platform.android.AndroidLog INSTANCE -> c
    java.util.concurrent.CopyOnWriteArraySet configuredLoggers -> a
    50:66:void <clinit>() -> <clinit>
    50:50:void <init>() -> <init>
    69:89:void androidLog$okhttp(java.lang.String,int,java.lang.String,java.lang.Throwable) -> a
    98:101:void enable() -> b
    104:115:void enableLogging(java.lang.String,java.lang.String) -> c
    94:94:java.lang.String loggerTag(java.lang.String) -> d
okhttp3.internal.platform.android.AndroidLogHandler -> s4.d:
    okhttp3.internal.platform.android.AndroidLogHandler INSTANCE -> a
    37:37:void <clinit>() -> <clinit>
    37:37:void <init>() -> <init>
    46:46:void close() -> close
    43:43:void flush() -> flush
    39:40:void publish(java.util.logging.LogRecord) -> publish
okhttp3.internal.platform.android.AndroidLogKt -> s4.e:
    1:1:int access$getAndroidLevel$p(java.util.logging.LogRecord) -> a
    31:35:int getAndroidLevel(java.util.logging.LogRecord) -> b
okhttp3.internal.platform.android.AndroidSocketAdapter -> s4.f:
    okhttp3.internal.platform.android.DeferredSocketAdapter$Factory playProviderFactory -> f
    java.lang.Class sslSocketClass -> e
    java.lang.reflect.Method getAlpnSelectedProtocol -> c
    java.lang.reflect.Method setAlpnProtocols -> d
    okhttp3.internal.platform.android.AndroidSocketAdapter$Companion Companion -> g
    java.lang.reflect.Method setUseSessionTickets -> a
    java.lang.reflect.Method setHostname -> b
    98:98:void <clinit>() -> <clinit>
    33:39:void <init>(java.lang.Class) -> <init>
    43:43:boolean matchesSocket(javax.net.ssl.SSLSocket) -> a
    76:92:java.lang.String getSelectedProtocol(javax.net.ssl.SSLSocket) -> b
    41:41:boolean isSupported() -> c
    51:72:void configureTlsExtensions(javax.net.ssl.SSLSocket,java.lang.String,java.util.List) -> d
    33:33:okhttp3.internal.platform.android.DeferredSocketAdapter$Factory access$getPlayProviderFactory$cp() -> e
okhttp3.internal.platform.android.AndroidSocketAdapter$Companion -> s4.f$a:
    96:96:void <init>() -> <init>
    96:96:void <init>(kotlin.jvm.internal.DefaultConstructorMarker) -> <init>
    96:96:okhttp3.internal.platform.android.AndroidSocketAdapter access$build(okhttp3.internal.platform.android.AndroidSocketAdapter$Companion,java.lang.Class) -> a
    107:118:okhttp3.internal.platform.android.AndroidSocketAdapter build(java.lang.Class) -> b
    122:122:okhttp3.internal.platform.android.DeferredSocketAdapter$Factory factory(java.lang.String) -> c
    97:97:okhttp3.internal.platform.android.DeferredSocketAdapter$Factory getPlayProviderFactory() -> d
okhttp3.internal.platform.android.AndroidSocketAdapter$Companion$factory$1 -> s4.f$a$a:
    java.lang.String $packageName -> a
    122:122:void <init>(java.lang.String) -> <init>
    124:124:boolean matchesSocket(javax.net.ssl.SSLSocket) -> a
    127:127:okhttp3.internal.platform.android.SocketAdapter create(javax.net.ssl.SSLSocket) -> b