app/build/outputs/mapping/release/usage.txt
com.example.matrixhomeassignment.BuildConfig
com.example.matrixhomeassignment.R$animator
com.example.matrixhomeassignment.R$color
com.example.matrixhomeassignment.R$drawable
com.example.matrixhomeassignment.R$font
com.example.matrixhomeassignment.R$id
com.example.matrixhomeassignment.R$layout
com.example.matrixhomeassignment.R$mipmap
com.example.matrixhomeassignment.R$navigation
com.example.matrixhomeassignment.R$string
com.example.matrixhomeassignment.R$style
com.example.matrixhomeassignment.R
com.example.matrixhomeassignment.adapter.DataRecyclerAdapter:
    public final java.lang.String getTAG()
    public final android.content.Context get_context()
    public final void set_context(android.content.Context)
com.example.matrixhomeassignment.databinding.ActivityMainBinding:
    public synthetic bridge android.view.View getRoot()
com.example.matrixhomeassignment.databinding.FragmentItemBinding:
    public synthetic bridge android.view.View getRoot()
com.example.matrixhomeassignment.databinding.FragmentMainBinding:
    public synthetic bridge android.view.View getRoot()
com.example.matrixhomeassignment.databinding.FruitSingleCellBinding:
    public synthetic bridge android.view.View getRoot()
    public static com.example.matrixhomeassignment.databinding.FruitSingleCellBinding inflate(android.view.LayoutInflater)
com.example.matrixhomeassignment.local_db.AppDatabase_Impl:
    public void clearAllTables()
com.example.matrixhomeassignment.local_db.FruitEntity:
    public final java.lang.String component1()
    public final java.lang.String component2()
    public final java.lang.String component3()
    public final int component4()
    public final com.example.matrixhomeassignment.local_db.FruitEntity copy(java.lang.String,java.lang.String,java.lang.String,int)
    public static synthetic com.example.matrixhomeassignment.local_db.FruitEntity copy$default(com.example.matrixhomeassignment.local_db.FruitEntity,java.lang.String,java.lang.String,java.lang.String,int,int,java.lang.Object)
    public final void setFruitDesc(java.lang.String)
    public final void setFruitImage(java.lang.String)
    public final void setFruitName(java.lang.String)
    public final void setFruitPrice(int)
com.example.matrixhomeassignment.network.Constants$Companion
com.example.matrixhomeassignment.network.Constants
com.example.matrixhomeassignment.pojo.Fruit:
    private final java.lang.String TAG
    public void <init>(java.lang.String,java.lang.String,java.lang.String,int)
    public final java.lang.String get_fruitDesc()
    public final java.lang.String get_fruitImage()
    public final java.lang.String get_fruitName()
    public final java.lang.Integer get_fruitPrice()
    public final void set_fruitDesc(java.lang.String)
    public final void set_fruitImage(java.lang.String)
    public final void set_fruitName(java.lang.String)
    public final void set_fruitPrice(java.lang.Integer)
    public final com.example.matrixhomeassignment.pojo.Fruit toFruit()
com.example.matrixhomeassignment.pojo.Fruits:
    public final void setFruits(java.util.List)
com.example.matrixhomeassignment.repository.AppSettingsHelper:
    private static final boolean IS_DATA_RETRIEVED_DEFAULT
com.example.matrixhomeassignment.repository.IDataRepository:
    public abstract void setData(com.example.matrixhomeassignment.local_db.FruitEntity)
com.example.matrixhomeassignment.repository.ISettingsRepository:
    public abstract boolean isRetrieved()
    public abstract void setIsRetrieved(boolean)
com.example.matrixhomeassignment.utils.LoggerUtils:
    public final void shortToast(android.content.Context,java.lang.String)
com.example.matrixhomeassignment.view_model.AppViewModel:
    public final com.example.matrixhomeassignment.repository.IDataRepository getDataRepository()
    public final void setDataRepository(com.example.matrixhomeassignment.repository.IDataRepository)
com.example.matrixhomeassignment.BaseFragment:
    public final java.lang.String TAG
...
androidx.appcompat.widget.AppCompatToggleButton:
    public void <init>(android.content.Context)
androidx.appcompat.widget.ButtonBarLayout:
    private static final int PEEK_BUTTON_DP
androidx.appcompat.widget.DecorContentParent:
    public abstract java.lang.CharSequence getTitle()
    public abstract boolean hasIcon()
    public abstract boolean hasLogo()
    public abstract void restoreToolbarHierarchyState(android.util.SparseArray)
    public abstract void saveToolbarHierarchyState(android.util.SparseArray)
    public abstract void setIcon(int)
    public abstract void setIcon(android.graphics.drawable.Drawable)
    public abstract void setLogo(int)
    public abstract void setUiOptions(int)
androidx.appcompat.widget.DecorToolbar:
    public abstract void animateToVisibility(int)
    public abstract android.view.View getCustomView()
    public abstract int getDropdownItemCount()
    public abstract int getDropdownSelectedPosition()
    public abstract int getHeight()
    public abstract android.view.Menu getMenu()
    public abstract java.lang.CharSequence getSubtitle()
    public abstract int getVisibility()
    public abstract boolean hasEmbeddedTabs()
    public abstract boolean hasIcon()
    public abstract boolean hasLogo()
    public abstract boolean isTitleTruncated()
    public abstract void restoreHierarchyState(android.util.SparseArray)
    public abstract void saveHierarchyState(android.util.SparseArray)
    public abstract void setBackgroundDrawable(android.graphics.drawable.Drawable)
    public abstract void setCustomView(android.view.View)
    public abstract void setDefaultNavigationContentDescription(int)
    public abstract void setDefaultNavigationIcon(android.graphics.drawable.Drawable)
    public abstract void setDropdownParams(android.widget.SpinnerAdapter,android.widget.AdapterView$OnItemSelectedListener)
    public abstract void setDropdownSelectedPosition(int)
    public abstract void setLogo(android.graphics.drawable.Drawable)
    public abstract void setMenuCallbacks(androidx.appcompat.view.menu.MenuPresenter$Callback,androidx.appcompat.view.menu.MenuBuilder$Callback)
    public abstract void setNavigationContentDescription(int)
androidx.appcompat.widget.DialogTitle:
    public void <init>(android.content.Context)
    public void <init>(android.content.Context,android.util.AttributeSet,int)
androidx.appcompat.widget.DrawableUtils:
    private static final java.lang.String TAG
    private static final java.lang.String VECTOR_DRAWABLE_CLAZZ_NAME
    private void <init>()
    public static android.graphics.Rect getOpticalBounds(android.graphics.drawable.Drawable)
androidx.appcompat.widget.DropDownListView:
    public static final int INVALID_POSITION
    public static final int NO_POSITION
    public int lookForSelectablePosition(int,boolean)
androidx.appcompat.widget.FitWindowsFrameLayout:
    public void <init>(android.content.Context)
androidx.appcompat.widget.FitWindowsLinearLayout:
    public void <init>(android.content.Context)
androidx.appcompat.widget.LinearLayoutCompat$DividerMode
androidx.appcompat.widget.LinearLayoutCompat$LayoutParams:
    public void <init>(int,int,float)
    public void <init>(android.view.ViewGroup$MarginLayoutParams)
androidx.appcompat.widget.LinearLayoutCompat$OrientationMode
androidx.appcompat.widget.LinearLayoutCompat:
    private static final java.lang.String ACCESSIBILITY_CLASS_NAME
    public static final int HORIZONTAL
    private static final int INDEX_BOTTOM
    private static final int INDEX_CENTER_VERTICAL
    private static final int INDEX_FILL
    private static final int INDEX_TOP
    public static final int SHOW_DIVIDER_BEGINNING
    public static final int SHOW_DIVIDER_END
    public static final int SHOW_DIVIDER_MIDDLE
    public static final int SHOW_DIVIDER_NONE
    public static final int VERTICAL
    private static final int VERTICAL_GRAVITY_COUNT
    public boolean isBaselineAligned()
    public boolean isMeasureWithLargestChildEnabled()